<?xml version="1.0" encoding="UTF-8"?>
<testng-results skipped="0" failed="0" ignored="0" total="2" passed="2">
  <reporter-output>
  </reporter-output>
  <suite name="Default suite" duration-ms="12516" started-at="2021-12-19T20:43:07Z" finished-at="2021-12-19T20:43:19Z">
    <groups>
    </groups>
    <test name="Default test" duration-ms="12516" started-at="2021-12-19T20:43:07Z" finished-at="2021-12-19T20:43:19Z">
      <class name="test.Login_page_test">
        <test-method status="PASS" signature="setUp()[pri:0, instance:test.Login_page_test@318ba8c8]" name="setUp" is-config="true" duration-ms="3341" started-at="2021-12-19T20:43:07Z" finished-at="2021-12-19T20:43:10Z">
          <reporter-output>
          </reporter-output>
        </test-method> <!-- setUp -->
        <test-method status="PASS" signature="PageTitleTest()[pri:0, instance:test.Login_page_test@318ba8c8]" name="PageTitleTest" duration-ms="2107" started-at="2021-12-19T20:43:10Z" finished-at="2021-12-19T20:43:12Z">
          <reporter-output>
          </reporter-output>
        </test-method> <!-- PageTitleTest -->
        <test-method status="PASS" signature="tearDown()[pri:0, instance:test.Login_page_test@318ba8c8]" name="tearDown" is-config="true" duration-ms="677" started-at="2021-12-19T20:43:12Z" finished-at="2021-12-19T20:43:13Z">
          <reporter-output>
          </reporter-output>
        </test-method> <!-- tearDown -->
        <test-method status="PASS" signature="setUp()[pri:0, instance:test.Login_page_test@318ba8c8]" name="setUp" is-config="true" duration-ms="2764" started-at="2021-12-19T20:43:13Z" finished-at="2021-12-19T20:43:16Z">
          <reporter-output>
          </reporter-output>
        </test-method> <!-- setUp -->
        <test-method status="PASS" signature="loginTest()[pri:0, instance:test.Login_page_test@318ba8c8]" name="loginTest" duration-ms="2754" started-at="2021-12-19T20:43:16Z" finished-at="2021-12-19T20:43:19Z">
          <reporter-output>
          </reporter-output>
        </test-method> <!-- loginTest -->
        <test-method status="PASS" signature="tearDown()[pri:0, instance:test.Login_page_test@318ba8c8]" name="tearDown" is-config="true" duration-ms="838" started-at="2021-12-19T20:43:19Z" finished-at="2021-12-19T20:43:19Z">
          <reporter-output>
          </reporter-output>
        </test-method> <!-- tearDown -->
      </class> <!-- test.Login_page_test -->
    </test> <!-- Default test -->
  </suite> <!-- Default suite -->
</testng-results>
